<?xml version="1.0" encoding="UTF-8"?>
<testng-results skipped="0" failed="0" ignored="0" total="1" passed="1">
  <reporter-output>
  </reporter-output>
  <suite name="Default suite" duration-ms="12468" started-at="2018-09-30T07:11:35Z" finished-at="2018-09-30T07:11:47Z">
    <groups>
    </groups>
    <test name="Default test" duration-ms="12468" started-at="2018-09-30T07:11:35Z" finished-at="2018-09-30T07:11:47Z">
      <class name="Session30Sept.MouseEvents">
        <test-method status="PASS" signature="setup()[pri:0, instance:Session30Sept.MouseEvents@39aeed2f]" name="setup" is-config="true" duration-ms="12007" started-at="2018-09-30T07:11:35Z" finished-at="2018-09-30T07:11:47Z">
          <reporter-output>
          </reporter-output>
        </test-method> <!-- setup -->
        <test-method status="PASS" signature="testdraganddrop()[pri:0, instance:Session30Sept.MouseEvents@39aeed2f]" name="testdraganddrop" duration-ms="396" started-at="2018-09-30T07:11:47Z" finished-at="2018-09-30T07:11:47Z">
          <reporter-output>
          </reporter-output>
        </test-method> <!-- testdraganddrop -->
      </class> <!-- Session30Sept.MouseEvents -->
    </test> <!-- Default test -->
  </suite> <!-- Default suite -->
</testng-results>
