<?xml version="1.0" encoding="UTF-8"?>
<!-- Generated by org.testng.reporters.JUnitXMLReporter -->
<testsuite hostname="my-PC" ignored="1" name="Default test2" tests="2" failures="0" timestamp="23 Sep 2018 04:45:37 GMT" time="0.108" errors="0">
  <testcase name="testCase1" time="0.027" classname="Session23Sept.GroupTest1"/>
  <testcase name="testCase2" time="0.005" classname="Session23Sept.GroupTest1"/>
  <testcase name="testCase3" time="0.0" classname="Session23Sept.GroupTest1">
    <ignored/>
  </testcase> <!-- testCase3 -->
</testsuite> <!-- Default test2 -->
