<?xml version="1.0" encoding="UTF-8"?>
<!-- Generated by org.testng.reporters.JUnitXMLReporter -->
<testsuite hostname="my-PC" ignored="2" name="Default test2" tests="4" failures="0" timestamp="12 Aug 2018 06:27:05 GMT" time="0.095" errors="0">
  <testcase name="testSearchSelenium2" time="0.016" classname="Session12Aug.TestNg"/>
  <testcase name="testSearchSelenium" time="0.015" classname="Session12Aug.TestNg2"/>
  <testcase name="testSearchSelenium2" time="0.016" classname="Session12Aug.TestNg2"/>
  <testcase name="testSearchSelenium3" time="0.0" classname="Session12Aug.TestNg2"/>
  <testcase name="testSearchSelenium3" time="0.0" classname="Session12Aug.TestNg">
    <ignored/>
  </testcase> <!-- testSearchSelenium3 -->
  <testcase name="testSearchSelenium" time="0.0" classname="Session12Aug.TestNg">
    <ignored/>
  </testcase> <!-- testSearchSelenium -->
</testsuite> <!-- Default test2 -->
